<?xml version="1.0" encoding="UTF-8"?>
<testsuite xmlns:xsi="http://www.w3.org/2001/XMLSchema-instance" xsi:noNamespaceSchemaLocation="https://maven.apache.org/surefire/maven-surefire-plugin/xsd/surefire-test-report.xsd" name="com.wizard_assassin.AppTest" time="0.032" tests="1" errors="0" skipped="0" failures="0">
  <properties>
    <property name="java.specification.version" value="17"/>
    <property name="sun.cpu.isalist" value="amd64"/>
    <property name="sun.jnu.encoding" value="Cp1252"/>
    <property name="java.class.path" value="C:\Users\victo\Coding\Fun Coding\Java\Minecraft Plugins\ping-plugin\target\test-classes;C:\Users\victo\Coding\Fun Coding\Java\Minecraft Plugins\ping-plugin\target\classes;C:\Users\victo\.m2\repository\junit\junit\4.11\junit-4.11.jar;C:\Users\victo\.m2\repository\org\hamcrest\hamcrest-core\1.3\hamcrest-core-1.3.jar;C:\Users\victo\.m2\repository\io\papermc\paper\paper-api\1.19.3-R0.1-SNAPSHOT\paper-api-1.19.3-R0.1-SNAPSHOT.jar;C:\Users\victo\.m2\repository\com\google\guava\guava\31.1-jre\guava-31.1-jre.jar;C:\Users\victo\.m2\repository\com\google\guava\failureaccess\1.0.1\failureaccess-1.0.1.jar;C:\Users\victo\.m2\repository\com\google\guava\listenablefuture\9999.0-empty-to-avoid-conflict-with-guava\listenablefuture-9999.0-empty-to-avoid-conflict-with-guava.jar;C:\Users\victo\.m2\repository\com\google\code\findbugs\jsr305\3.0.2\jsr305-3.0.2.jar;C:\Users\victo\.m2\repository\com\google\errorprone\error_prone_annotations\2.11.0\error_prone_annotations-2.11.0.jar;C:\Users\victo\.m2\repository\com\google\j2objc\j2objc-annotations\1.3\j2objc-annotations-1.3.jar;C:\Users\victo\.m2\repository\com\google\code\gson\gson\2.10\gson-2.10.jar;C:\Users\victo\.m2\repository\net\md-5\bungeecord-chat\1.16-R0.4-deprecated+build.6\bungeecord-chat-1.16-R0.4-deprecated+build.6.jar;C:\Users\victo\.m2\repository\org\yaml\snakeyaml\1.33\snakeyaml-1.33.jar;C:\Users\victo\.m2\repository\com\googlecode\json-simple\json-simple\1.1.1\json-simple-1.1.1.jar;C:\Users\victo\.m2\repository\it\unimi\dsi\fastutil\8.5.6\fastutil-8.5.6.jar;C:\Users\victo\.m2\repository\org\apache\logging\log4j\log4j-api\2.17.1\log4j-api-2.17.1.jar;C:\Users\victo\.m2\repository\org\slf4j\slf4j-api\1.8.0-beta4\slf4j-api-1.8.0-beta4.jar;C:\Users\victo\.m2\repository\net\kyori\adventure-api\4.12.0\adventure-api-4.12.0.jar;C:\Users\victo\.m2\repository\net\kyori\adventure-key\4.12.0\adventure-key-4.12.0.jar;C:\Users\victo\.m2\repository\net\kyori\examination-api\1.3.0\examination-api-1.3.0.jar;C:\Users\victo\.m2\repository\net\kyori\examination-string\1.3.0\examination-string-1.3.0.jar;C:\Users\victo\.m2\repository\org\jetbrains\annotations\23.0.0\annotations-23.0.0.jar;C:\Users\victo\.m2\repository\net\kyori\adventure-text-minimessage\4.12.0\adventure-text-minimessage-4.12.0.jar;C:\Users\victo\.m2\repository\net\kyori\adventure-text-serializer-gson\4.12.0\adventure-text-serializer-gson-4.12.0.jar;C:\Users\victo\.m2\repository\net\kyori\adventure-text-serializer-legacy\4.12.0\adventure-text-serializer-legacy-4.12.0.jar;C:\Users\victo\.m2\repository\net\kyori\adventure-text-serializer-plain\4.12.0\adventure-text-serializer-plain-4.12.0.jar;C:\Users\victo\.m2\repository\net\kyori\adventure-text-logger-slf4j\4.12.0\adventure-text-logger-slf4j-4.12.0.jar;C:\Users\victo\.m2\repository\org\checkerframework\checker-qual\3.21.0\checker-qual-3.21.0.jar;C:\Users\victo\.m2\repository\org\ow2\asm\asm\9.2\asm-9.2.jar;C:\Users\victo\.m2\repository\org\ow2\asm\asm-commons\9.2\asm-commons-9.2.jar;C:\Users\victo\.m2\repository\org\ow2\asm\asm-tree\9.2\asm-tree-9.2.jar;C:\Users\victo\.m2\repository\org\ow2\asm\asm-analysis\9.2\asm-analysis-9.2.jar;C:\Users\victo\.m2\repository\com\comphenix\protocol\ProtocolLib\4.7.0\ProtocolLib-4.7.0.jar;C:\Users\victo\.m2\repository\net\bytebuddy\byte-buddy\1.11.0\byte-buddy-1.11.0.jar;"/>
    <property name="java.vm.vendor" value="Eclipse Adoptium"/>
    <property name="sun.arch.data.model" value="64"/>
    <property name="user.variant" value=""/>
    <property name="java.vendor.url" value="https://adoptium.net/"/>
    <property name="user.timezone" value="America/Los_Angeles"/>
    <property name="os.name" value="Windows 11"/>
    <property name="java.vm.specification.version" value="17"/>
    <property name="sun.java.launcher" value="SUN_STANDARD"/>
    <property name="user.country" value="US"/>
    <property name="sun.boot.library.path" value="C:\Program Files\Eclipse Adoptium\jdk-17.0.5.8-hotspot\bin"/>
    <property name="sun.java.command" value="C:\Users\victo\AppData\Local\Temp\surefire7591743002488064702\surefirebooter5293615894365436390.jar C:\Users\victo\AppData\Local\Temp\surefire7591743002488064702 2023-01-16T14-03-10_900-jvmRun1 surefire15933165827218144686tmp surefire_08456162968086815695tmp"/>
    <property name="jdk.debug" value="release"/>
    <property name="surefire.test.class.path" value="C:\Users\victo\Coding\Fun Coding\Java\Minecraft Plugins\ping-plugin\target\test-classes;C:\Users\victo\Coding\Fun Coding\Java\Minecraft Plugins\ping-plugin\target\classes;C:\Users\victo\.m2\repository\junit\junit\4.11\junit-4.11.jar;C:\Users\victo\.m2\repository\org\hamcrest\hamcrest-core\1.3\hamcrest-core-1.3.jar;C:\Users\victo\.m2\repository\io\papermc\paper\paper-api\1.19.3-R0.1-SNAPSHOT\paper-api-1.19.3-R0.1-SNAPSHOT.jar;C:\Users\victo\.m2\repository\com\google\guava\guava\31.1-jre\guava-31.1-jre.jar;C:\Users\victo\.m2\repository\com\google\guava\failureaccess\1.0.1\failureaccess-1.0.1.jar;C:\Users\victo\.m2\repository\com\google\guava\listenablefuture\9999.0-empty-to-avoid-conflict-with-guava\listenablefuture-9999.0-empty-to-avoid-conflict-with-guava.jar;C:\Users\victo\.m2\repository\com\google\code\findbugs\jsr305\3.0.2\jsr305-3.0.2.jar;C:\Users\victo\.m2\repository\com\google\errorprone\error_prone_annotations\2.11.0\error_prone_annotations-2.11.0.jar;C:\Users\victo\.m2\repository\com\google\j2objc\j2objc-annotations\1.3\j2objc-annotations-1.3.jar;C:\Users\victo\.m2\repository\com\google\code\gson\gson\2.10\gson-2.10.jar;C:\Users\victo\.m2\repository\net\md-5\bungeecord-chat\1.16-R0.4-deprecated+build.6\bungeecord-chat-1.16-R0.4-deprecated+build.6.jar;C:\Users\victo\.m2\repository\org\yaml\snakeyaml\1.33\snakeyaml-1.33.jar;C:\Users\victo\.m2\repository\com\googlecode\json-simple\json-simple\1.1.1\json-simple-1.1.1.jar;C:\Users\victo\.m2\repository\it\unimi\dsi\fastutil\8.5.6\fastutil-8.5.6.jar;C:\Users\victo\.m2\repository\org\apache\logging\log4j\log4j-api\2.17.1\log4j-api-2.17.1.jar;C:\Users\victo\.m2\repository\org\slf4j\slf4j-api\1.8.0-beta4\slf4j-api-1.8.0-beta4.jar;C:\Users\victo\.m2\repository\net\kyori\adventure-api\4.12.0\adventure-api-4.12.0.jar;C:\Users\victo\.m2\repository\net\kyori\adventure-key\4.12.0\adventure-key-4.12.0.jar;C:\Users\victo\.m2\repository\net\kyori\examination-api\1.3.0\examination-api-1.3.0.jar;C:\Users\victo\.m2\repository\net\kyori\examination-string\1.3.0\examination-string-1.3.0.jar;C:\Users\victo\.m2\repository\org\jetbrains\annotations\23.0.0\annotations-23.0.0.jar;C:\Users\victo\.m2\repository\net\kyori\adventure-text-minimessage\4.12.0\adventure-text-minimessage-4.12.0.jar;C:\Users\victo\.m2\repository\net\kyori\adventure-text-serializer-gson\4.12.0\adventure-text-serializer-gson-4.12.0.jar;C:\Users\victo\.m2\repository\net\kyori\adventure-text-serializer-legacy\4.12.0\adventure-text-serializer-legacy-4.12.0.jar;C:\Users\victo\.m2\repository\net\kyori\adventure-text-serializer-plain\4.12.0\adventure-text-serializer-plain-4.12.0.jar;C:\Users\victo\.m2\repository\net\kyori\adventure-text-logger-slf4j\4.12.0\adventure-text-logger-slf4j-4.12.0.jar;C:\Users\victo\.m2\repository\org\checkerframework\checker-qual\3.21.0\checker-qual-3.21.0.jar;C:\Users\victo\.m2\repository\org\ow2\asm\asm\9.2\asm-9.2.jar;C:\Users\victo\.m2\repository\org\ow2\asm\asm-commons\9.2\asm-commons-9.2.jar;C:\Users\victo\.m2\repository\org\ow2\asm\asm-tree\9.2\asm-tree-9.2.jar;C:\Users\victo\.m2\repository\org\ow2\asm\asm-analysis\9.2\asm-analysis-9.2.jar;C:\Users\victo\.m2\repository\com\comphenix\protocol\ProtocolLib\4.7.0\ProtocolLib-4.7.0.jar;C:\Users\victo\.m2\repository\net\bytebuddy\byte-buddy\1.11.0\byte-buddy-1.11.0.jar;"/>
    <property name="sun.cpu.endian" value="little"/>
    <property name="user.home" value="C:\Users\victo"/>
    <property name="user.language" value="en"/>
    <property name="java.specification.vendor" value="Oracle Corporation"/>
    <property name="java.version.date" value="2022-10-18"/>
    <property name="java.home" value="C:\Program Files\Eclipse Adoptium\jdk-17.0.5.8-hotspot"/>
    <property name="file.separator" value="\"/>
    <property name="basedir" value="C:\Users\victo\Coding\Fun Coding\Java\Minecraft Plugins\ping-plugin"/>
    <property name="java.vm.compressedOopsMode" value="Zero based"/>
    <property name="line.separator" value="&#10;"/>
    <property name="java.vm.specification.vendor" value="Oracle Corporation"/>
    <property name="java.specification.name" value="Java Platform API Specification"/>
    <property name="surefire.real.class.path" value="C:\Users\victo\AppData\Local\Temp\surefire7591743002488064702\surefirebooter5293615894365436390.jar"/>
    <property name="user.script" value=""/>
    <property name="sun.management.compiler" value="HotSpot 64-Bit Tiered Compilers"/>
    <property name="java.runtime.version" value="17.0.5+8"/>
    <property name="user.name" value="victo"/>
    <property name="path.separator" value=";"/>
    <property name="os.version" value="10.0"/>
    <property name="java.runtime.name" value="OpenJDK Runtime Environment"/>
    <property name="file.encoding" value="Cp1252"/>
    <property name="java.vm.name" value="OpenJDK 64-Bit Server VM"/>
    <property name="java.vendor.version" value="Temurin-17.0.5+8"/>
    <property name="localRepository" value="C:\Users\victo\.m2\repository"/>
    <property name="java.vendor.url.bug" value="https://github.com/adoptium/adoptium-support/issues"/>
    <property name="java.io.tmpdir" value="C:\Users\victo\AppData\Local\Temp\"/>
    <property name="java.version" value="17.0.5"/>
    <property name="user.dir" value="C:\Users\victo\Coding\Fun Coding\Java\Minecraft Plugins\ping-plugin"/>
    <property name="os.arch" value="amd64"/>
    <property name="java.vm.specification.name" value="Java Virtual Machine Specification"/>
    <property name="sun.os.patch.level" value=""/>
    <property name="native.encoding" value="Cp1252"/>
    <property name="java.library.path" value="C:\Program Files\Eclipse Adoptium\jdk-17.0.5.8-hotspot\bin;C:\WINDOWS\Sun\Java\bin;C:\WINDOWS\system32;C:\WINDOWS;C:\Program Files\PowerShell\7;C:\Program Files\Eclipse Adoptium\jdk-17.0.5.8-hotspot\bin;C:\Program Files (x86)\Razer Chroma SDK\bin;C:\Program Files\Razer Chroma SDK\bin;C:\Program Files (x86)\Razer\ChromaBroadcast\bin;C:\Program Files\Razer\ChromaBroadcast\bin;C:\Program Files (x86)\Common Files\Oracle\Java\javapath;C:\Windows\system32;C:\Windows;C:\Windows\System32\Wbem;C:\Windows\System32\WindowsPowerShell\v1.0\;C:\Windows\System32\OpenSSH\;C:\Program Files (x86)\NVIDIA Corporation\PhysX\Common;C:\Program Files\NVIDIA Corporation\NVIDIA NvDLISR;C:\Users\victo\AppData\Roaming\nvm;C:\Program Files\nodejs;C:\WINDOWS\system32;C:\WINDOWS;C:\WINDOWS\System32\Wbem;C:\WINDOWS\System32\WindowsPowerShell\v1.0\;C:\WINDOWS\System32\OpenSSH\;C:\ProgramData\chocolatey\bin;C:\Program Files\dotnet\;C:\WINDOWS\system32\config\systemprofile\AppData\Local\Microsoft\WindowsApps;C:\Program Files (x86)\Intel\Intel(R) Management Engine Components\DAL;C:\Program Files\Intel\Intel(R) Management Engine Components\DAL;C:\Program Files (x86)\Windows Kits\10\Windows Performance Toolkit\;C:\Program Files (x86)\ZeroTier\One\;C:\WINDOWS\system32;C:\WINDOWS;C:\WINDOWS\System32\Wbem;C:\WINDOWS\System32\WindowsPowerShell\v1.0\;C:\WINDOWS\System32\OpenSSH\;C:\Program Files\Git\cmd;C:\Program Files\PowerShell\7\;C:\Program Files (x86)\Gpg4win\..\GnuPG\bin;C:\Program Files (x86)\dotnet\;C:\Program Files\Cloudflare\Cloudflare WARP\;C:\Users\victo\AppData\Local\Programs\Python\Python311\Scripts\;C:\Users\victo\AppData\Local\Programs\Python\Python311\;C:\Users\victo\AppData\Local\Programs\Python\Python310\Scripts\;C:\Users\victo\AppData\Local\Programs\Python\Python310\;C:\Users\victo\AppData\Local\Microsoft\WindowsApps;C:\Users\victo\AppData\Roaming\nvm;C:\Program Files\nodejs;C:\Users\victo\AppData\Local\Programs\Microsoft VS Code\bin;C:\Users\victo\.dotnet\tools;C:\Users\victo\AppData\Roaming\nvm;C:\Program Files\nodejs;C:\Users\victo\AppData\Local\Microsoft\WindowsApps;C:\dev\msys64\mingw64\bin;C:\dev\ffmpeg-n5.0-latest-win64-gpl-5.0\bin;D:\Program Files\PostgreSQL\15\bin;C:\dev\apache-maven-3.8.7\bin;;."/>
    <property name="java.vm.info" value="mixed mode, sharing"/>
    <property name="java.vendor" value="Eclipse Adoptium"/>
    <property name="java.vm.version" value="17.0.5+8"/>
    <property name="sun.io.unicode.encoding" value="UnicodeLittle"/>
    <property name="java.class.version" value="61.0"/>
  </properties>
  <testcase name="shouldAnswerWithTrue" classname="com.wizard_assassin.AppTest" time="0.002"/>
</testsuite>